ERROR   2023-06-18 10:51:50,689/Users/yangmc/PycharmProjects/apidemo1/logs/error-2023-06-18.log:37 
===================================================
用例标题：正常删除收藏网站
请求路径：https://www.wanandroid.com/lg/collect/deletetool/json
请求方法：POST
请求头：{'User-Agent': 'python-requests/2.30.0', 'Accept-Encoding': 'gzip, deflate', 'Accept': '*/*', 'Connection': 'keep-alive', 'cookie': 'JSESSIONID=0C6706ED1D22DC6C108F03A372784872;loginUserName=13816653014;token_pass=5d9b90bcb70640183e09d1e755ead823;loginUserName_wanandroid_com=13816653014;token_pass_wanandroid_com=5d9b90bcb70640183e09d1e755ead823;', 'Content-Length': '42', 'Content-Type': 'application/x-www-form-urlencoded'}
请求内容：{'id': '73303'}
响应内容：<html><head><title>Apache Tomcat/7.0.77 - Error report</title><style><!--H1 {font-family:Tahoma,Arial,sans-serif;color:white;background-color:#525D76;font-size:22px;} H2 {font-family:Tahoma,Arial,sans-serif;color:white;background-color:#525D76;font-size:16px;} H3 {font-family:Tahoma,Arial,sans-serif;color:white;background-color:#525D76;font-size:14px;} BODY {font-family:Tahoma,Arial,sans-serif;color:black;background-color:white;} B {font-family:Tahoma,Arial,sans-serif;color:white;background-color:#525D76;} P {font-family:Tahoma,Arial,sans-serif;background:white;color:black;font-size:12px;}A {color : black;}A.name {color : black;}HR {color : #525D76;}--></style> </head><body><h1>HTTP Status 400 - </h1><HR size="1" noshade="noshade"><p><b>type</b> Status report</p><p><b>message</b> <u></u></p><p><b>description</b> <u>The request sent by the client was syntactically incorrect.</u></p><HR size="1" noshade="noshade"><h3>Apache Tomcat/7.0.77</h3></body></html>
接口响应时长：151 ms
Http状态码：400
===================================================
ERROR   2023-06-18 10:52:51,441/Users/yangmc/PycharmProjects/apidemo1/logs/error-2023-06-18.log:37 
===================================================
用例标题：正常删除收藏网站
请求路径：https://www.wanandroid.com/lg/collect/deletetool/json
请求方法：POST
请求头：{'User-Agent': 'python-requests/2.30.0', 'Accept-Encoding': 'gzip, deflate', 'Accept': '*/*', 'Connection': 'keep-alive', 'cookie': 'JSESSIONID=A64F7308C6F0000E2BD776488383B7B0;loginUserName=13816653014;token_pass=5d9b90bcb70640183e09d1e755ead823;loginUserName_wanandroid_com=13816653014;token_pass_wanandroid_com=5d9b90bcb70640183e09d1e755ead823;', 'Content-Length': '42', 'Content-Type': 'application/x-www-form-urlencoded'}
请求内容：{'id': '73304'}
响应内容：<html><head><title>Apache Tomcat/7.0.77 - Error report</title><style><!--H1 {font-family:Tahoma,Arial,sans-serif;color:white;background-color:#525D76;font-size:22px;} H2 {font-family:Tahoma,Arial,sans-serif;color:white;background-color:#525D76;font-size:16px;} H3 {font-family:Tahoma,Arial,sans-serif;color:white;background-color:#525D76;font-size:14px;} BODY {font-family:Tahoma,Arial,sans-serif;color:black;background-color:white;} B {font-family:Tahoma,Arial,sans-serif;color:white;background-color:#525D76;} P {font-family:Tahoma,Arial,sans-serif;background:white;color:black;font-size:12px;}A {color : black;}A.name {color : black;}HR {color : #525D76;}--></style> </head><body><h1>HTTP Status 400 - </h1><HR size="1" noshade="noshade"><p><b>type</b> Status report</p><p><b>message</b> <u></u></p><p><b>description</b> <u>The request sent by the client was syntactically incorrect.</u></p><HR size="1" noshade="noshade"><h3>Apache Tomcat/7.0.77</h3></body></html>
接口响应时长：165 ms
Http状态码：400
===================================================
ERROR   2023-06-18 10:56:41,303/Users/yangmc/PycharmProjects/apidemo1/logs/error-2023-06-18.log:37 
===================================================
用例标题：正常删除收藏网站
请求路径：https://www.wanandroid.com/lg/collect/deletetool/json
请求方法：POST
请求头：{'User-Agent': 'python-requests/2.30.0', 'Accept-Encoding': 'gzip, deflate', 'Accept': '*/*', 'Connection': 'keep-alive', 'cookie': 'JSESSIONID=008601F2626EC456DA4E460A41751399;loginUserName=13816653014;token_pass=5d9b90bcb70640183e09d1e755ead823;loginUserName_wanandroid_com=13816653014;token_pass_wanandroid_com=5d9b90bcb70640183e09d1e755ead823;', 'Content-Length': '42', 'Content-Type': 'application/x-www-form-urlencoded'}
请求内容：{'id': '73305'}
响应内容：<html><head><title>Apache Tomcat/7.0.77 - Error report</title><style><!--H1 {font-family:Tahoma,Arial,sans-serif;color:white;background-color:#525D76;font-size:22px;} H2 {font-family:Tahoma,Arial,sans-serif;color:white;background-color:#525D76;font-size:16px;} H3 {font-family:Tahoma,Arial,sans-serif;color:white;background-color:#525D76;font-size:14px;} BODY {font-family:Tahoma,Arial,sans-serif;color:black;background-color:white;} B {font-family:Tahoma,Arial,sans-serif;color:white;background-color:#525D76;} P {font-family:Tahoma,Arial,sans-serif;background:white;color:black;font-size:12px;}A {color : black;}A.name {color : black;}HR {color : #525D76;}--></style> </head><body><h1>HTTP Status 400 - </h1><HR size="1" noshade="noshade"><p><b>type</b> Status report</p><p><b>message</b> <u></u></p><p><b>description</b> <u>The request sent by the client was syntactically incorrect.</u></p><HR size="1" noshade="noshade"><h3>Apache Tomcat/7.0.77</h3></body></html>
接口响应时长：161 ms
Http状态码：400
===================================================
ERROR   2023-06-18 11:43:03,103/Users/yangmc/PycharmProjects/apidemo1/logs/error-2023-06-18.log:37 
===================================================
用例标题：正常删除收藏网站
请求路径：https://www.wanandroid.com/lg/collect/deletetool/json
请求方法：POST
请求头：{'User-Agent': 'python-requests/2.30.0', 'Accept-Encoding': 'gzip, deflate', 'Accept': '*/*', 'Connection': 'keep-alive', 'cookie': 'JSESSIONID=3AB27FE1177B5FC8BA62312D2ACB9502;loginUserName=13816653014;token_pass=5d9b90bcb70640183e09d1e755ead823;loginUserName_wanandroid_com=13816653014;token_pass_wanandroid_com=5d9b90bcb70640183e09d1e755ead823;', 'Content-Length': '42', 'Content-Type': 'application/x-www-form-urlencoded'}
请求内容：{'id': '73306'}
响应内容：<html><head><title>Apache Tomcat/7.0.77 - Error report</title><style><!--H1 {font-family:Tahoma,Arial,sans-serif;color:white;background-color:#525D76;font-size:22px;} H2 {font-family:Tahoma,Arial,sans-serif;color:white;background-color:#525D76;font-size:16px;} H3 {font-family:Tahoma,Arial,sans-serif;color:white;background-color:#525D76;font-size:14px;} BODY {font-family:Tahoma,Arial,sans-serif;color:black;background-color:white;} B {font-family:Tahoma,Arial,sans-serif;color:white;background-color:#525D76;} P {font-family:Tahoma,Arial,sans-serif;background:white;color:black;font-size:12px;}A {color : black;}A.name {color : black;}HR {color : #525D76;}--></style> </head><body><h1>HTTP Status 400 - </h1><HR size="1" noshade="noshade"><p><b>type</b> Status report</p><p><b>message</b> <u></u></p><p><b>description</b> <u>The request sent by the client was syntactically incorrect.</u></p><HR size="1" noshade="noshade"><h3>Apache Tomcat/7.0.77</h3></body></html>
接口响应时长：159 ms
Http状态码：400
===================================================
ERROR   2023-06-18 11:48:19,295/Users/yangmc/PycharmProjects/apidemo1/logs/error-2023-06-18.log:37 
===================================================
用例标题：正常删除收藏网站
请求路径：https://www.wanandroid.com/lg/collect/deletetool/json
请求方法：POST
请求头：{'User-Agent': 'python-requests/2.30.0', 'Accept-Encoding': 'gzip, deflate', 'Accept': '*/*', 'Connection': 'keep-alive', 'cookie': 'JSESSIONID=99FE7CC0E84A2630AB1EF56A74FE3789;loginUserName=13816653014;token_pass=5d9b90bcb70640183e09d1e755ead823;loginUserName_wanandroid_com=13816653014;token_pass_wanandroid_com=5d9b90bcb70640183e09d1e755ead823;', 'Content-Length': '42', 'Content-Type': 'application/x-www-form-urlencoded'}
请求内容：{'id': '73307'}
响应内容：<html><head><title>Apache Tomcat/7.0.77 - Error report</title><style><!--H1 {font-family:Tahoma,Arial,sans-serif;color:white;background-color:#525D76;font-size:22px;} H2 {font-family:Tahoma,Arial,sans-serif;color:white;background-color:#525D76;font-size:16px;} H3 {font-family:Tahoma,Arial,sans-serif;color:white;background-color:#525D76;font-size:14px;} BODY {font-family:Tahoma,Arial,sans-serif;color:black;background-color:white;} B {font-family:Tahoma,Arial,sans-serif;color:white;background-color:#525D76;} P {font-family:Tahoma,Arial,sans-serif;background:white;color:black;font-size:12px;}A {color : black;}A.name {color : black;}HR {color : #525D76;}--></style> </head><body><h1>HTTP Status 400 - </h1><HR size="1" noshade="noshade"><p><b>type</b> Status report</p><p><b>message</b> <u></u></p><p><b>description</b> <u>The request sent by the client was syntactically incorrect.</u></p><HR size="1" noshade="noshade"><h3>Apache Tomcat/7.0.77</h3></body></html>
接口响应时长：152 ms
Http状态码：400
===================================================
