INFO    2023-06-18 10:51:50,533/Users/yangmc/PycharmProjects/apidemo1/logs/info-2023-06-18.log:34 
===================================================
用例标题：新增收藏网址接口
请求路径：https://www.wanandroid.com/lg/collect/addtool/json
请求方法：POST
请求头：{'User-Agent': 'python-requests/2.30.0', 'Accept-Encoding': 'gzip, deflate', 'Accept': '*/*', 'Connection': 'keep-alive', 'cookie': 'JSESSIONID=0C6706ED1D22DC6C108F03A372784872;loginUserName=13816653014;token_pass=5d9b90bcb70640183e09d1e755ead823;loginUserName_wanandroid_com=13816653014;token_pass_wanandroid_com=5d9b90bcb70640183e09d1e755ead823;', 'Content-Length': '42', 'Content-Type': 'application/x-www-form-urlencoded'}
请求内容：{'name': 'biying', 'link': 'https://cn.bing.com'}
响应内容：{"data":{"desc":"","icon":"","id":73303,"link":"https://cn.bing.com","name":"biying","order":0,"userId":149908,"visible":1},"errorCode":0,"errorMsg":""}
接口响应时长：177 ms
Http状态码：200
===================================================
INFO    2023-06-18 10:52:51,273/Users/yangmc/PycharmProjects/apidemo1/logs/info-2023-06-18.log:34 
===================================================
用例标题：新增收藏网址接口
请求路径：https://www.wanandroid.com/lg/collect/addtool/json
请求方法：POST
请求头：{'User-Agent': 'python-requests/2.30.0', 'Accept-Encoding': 'gzip, deflate', 'Accept': '*/*', 'Connection': 'keep-alive', 'cookie': 'JSESSIONID=A64F7308C6F0000E2BD776488383B7B0;loginUserName=13816653014;token_pass=5d9b90bcb70640183e09d1e755ead823;loginUserName_wanandroid_com=13816653014;token_pass_wanandroid_com=5d9b90bcb70640183e09d1e755ead823;', 'Content-Length': '42', 'Content-Type': 'application/x-www-form-urlencoded'}
请求内容：{'name': 'biying', 'link': 'https://cn.bing.com'}
响应内容：{"data":{"desc":"","icon":"","id":73304,"link":"https://cn.bing.com","name":"biying","order":0,"userId":149908,"visible":1},"errorCode":0,"errorMsg":""}
接口响应时长：188 ms
Http状态码：200
===================================================
INFO    2023-06-18 10:56:41,137/Users/yangmc/PycharmProjects/apidemo1/logs/info-2023-06-18.log:34 
===================================================
用例标题：新增收藏网址接口
请求路径：https://www.wanandroid.com/lg/collect/addtool/json
请求方法：POST
请求头：{'User-Agent': 'python-requests/2.30.0', 'Accept-Encoding': 'gzip, deflate', 'Accept': '*/*', 'Connection': 'keep-alive', 'cookie': 'JSESSIONID=008601F2626EC456DA4E460A41751399;loginUserName=13816653014;token_pass=5d9b90bcb70640183e09d1e755ead823;loginUserName_wanandroid_com=13816653014;token_pass_wanandroid_com=5d9b90bcb70640183e09d1e755ead823;', 'Content-Length': '42', 'Content-Type': 'application/x-www-form-urlencoded'}
请求内容：{'name': 'biying', 'link': 'https://cn.bing.com'}
响应内容：{"data":{"desc":"","icon":"","id":73305,"link":"https://cn.bing.com","name":"biying","order":0,"userId":149908,"visible":1},"errorCode":0,"errorMsg":""}
接口响应时长：164 ms
Http状态码：200
===================================================
INFO    2023-06-18 11:43:02,939/Users/yangmc/PycharmProjects/apidemo1/logs/info-2023-06-18.log:34 
===================================================
用例标题：新增收藏网址接口
请求路径：https://www.wanandroid.com/lg/collect/addtool/json
请求方法：POST
请求头：{'User-Agent': 'python-requests/2.30.0', 'Accept-Encoding': 'gzip, deflate', 'Accept': '*/*', 'Connection': 'keep-alive', 'cookie': 'JSESSIONID=3AB27FE1177B5FC8BA62312D2ACB9502;loginUserName=13816653014;token_pass=5d9b90bcb70640183e09d1e755ead823;loginUserName_wanandroid_com=13816653014;token_pass_wanandroid_com=5d9b90bcb70640183e09d1e755ead823;', 'Content-Length': '42', 'Content-Type': 'application/x-www-form-urlencoded'}
请求内容：{'name': 'biying', 'link': 'https://cn.bing.com'}
响应内容：{"data":{"desc":"","icon":"","id":73306,"link":"https://cn.bing.com","name":"biying","order":0,"userId":149908,"visible":1},"errorCode":0,"errorMsg":""}
接口响应时长：149 ms
Http状态码：200
===================================================
INFO    2023-06-18 11:48:19,137/Users/yangmc/PycharmProjects/apidemo1/logs/info-2023-06-18.log:34 
===================================================
用例标题：新增收藏网址接口
请求路径：https://www.wanandroid.com/lg/collect/addtool/json
请求方法：POST
请求头：{'User-Agent': 'python-requests/2.30.0', 'Accept-Encoding': 'gzip, deflate', 'Accept': '*/*', 'Connection': 'keep-alive', 'cookie': 'JSESSIONID=99FE7CC0E84A2630AB1EF56A74FE3789;loginUserName=13816653014;token_pass=5d9b90bcb70640183e09d1e755ead823;loginUserName_wanandroid_com=13816653014;token_pass_wanandroid_com=5d9b90bcb70640183e09d1e755ead823;', 'Content-Length': '42', 'Content-Type': 'application/x-www-form-urlencoded'}
请求内容：{'name': 'biying', 'link': 'https://cn.bing.com'}
响应内容：{"data":{"desc":"","icon":"","id":73307,"link":"https://cn.bing.com","name":"biying","order":0,"userId":149908,"visible":1},"errorCode":0,"errorMsg":""}
接口响应时长：152 ms
Http状态码：200
===================================================
INFO    2023-06-18 11:59:03,993/Users/yangmc/PycharmProjects/apidemo1/logs/info-2023-06-18.log:34 
===================================================
用例标题：新增收藏网址接口
请求路径：https://www.wanandroid.com/lg/collect/addtool/json
请求方法：POST
请求头：{'User-Agent': 'python-requests/2.30.0', 'Accept-Encoding': 'gzip, deflate', 'Accept': '*/*', 'Connection': 'keep-alive', 'cookie': 'JSESSIONID=F12A48073D82283B530052C580EEFDD6;loginUserName=13816653014;token_pass=5d9b90bcb70640183e09d1e755ead823;loginUserName_wanandroid_com=13816653014;token_pass_wanandroid_com=5d9b90bcb70640183e09d1e755ead823;', 'Content-Length': '42', 'Content-Type': 'application/x-www-form-urlencoded'}
请求内容：{'name': 'biying', 'link': 'https://cn.bing.com'}
响应内容：{"data":{"desc":"","icon":"","id":73308,"link":"https://cn.bing.com","name":"biying","order":0,"userId":149908,"visible":1},"errorCode":0,"errorMsg":""}
接口响应时长：161 ms
Http状态码：200
===================================================
INFO    2023-06-18 11:59:04,181/Users/yangmc/PycharmProjects/apidemo1/logs/info-2023-06-18.log:34 
===================================================
用例标题：正常删除收藏网站
请求路径：https://www.wanandroid.com/lg/collect/deletetool/json
请求方法：POST
请求头：{'User-Agent': 'python-requests/2.30.0', 'Accept-Encoding': 'gzip, deflate', 'Accept': '*/*', 'Connection': 'keep-alive', 'cookie': 'JSESSIONID=F12A48073D82283B530052C580EEFDD6;loginUserName=13816653014;token_pass=5d9b90bcb70640183e09d1e755ead823;loginUserName_wanandroid_com=13816653014;token_pass_wanandroid_com=5d9b90bcb70640183e09d1e755ead823;', 'Content-Length': '8', 'Content-Type': 'application/x-www-form-urlencoded'}
请求内容：{'id': '73308'}
响应内容：{"data":null,"errorCode":0,"errorMsg":""}
接口响应时长：182 ms
Http状态码：200
===================================================
INFO    2023-06-18 12:07:24,651/Users/yangmc/PycharmProjects/apidemo1/logs/info-2023-06-18.log:34 
===================================================
用例标题：新增收藏网址接口
请求路径：https://www.wanandroid.com/lg/collect/addtool/json
请求方法：POST
请求头：{'User-Agent': 'python-requests/2.30.0', 'Accept-Encoding': 'gzip, deflate', 'Accept': '*/*', 'Connection': 'keep-alive', 'cookie': 'JSESSIONID=D31DA0C937A182BEEF790F534A05CAFA;loginUserName=13816653014;token_pass=5d9b90bcb70640183e09d1e755ead823;loginUserName_wanandroid_com=13816653014;token_pass_wanandroid_com=5d9b90bcb70640183e09d1e755ead823;', 'Content-Length': '42', 'Content-Type': 'application/x-www-form-urlencoded'}
请求内容：<PreparedRequest [POST]>
响应内容：{"data":{"desc":"","icon":"","id":73309,"link":"https://cn.bing.com","name":"biying","order":0,"userId":149908,"visible":1},"errorCode":0,"errorMsg":""}
接口响应时长：180 ms
Http状态码：200
===================================================
INFO    2023-06-18 12:07:24,828/Users/yangmc/PycharmProjects/apidemo1/logs/info-2023-06-18.log:34 
===================================================
用例标题：正常删除收藏网站
请求路径：https://www.wanandroid.com/lg/collect/deletetool/json
请求方法：POST
请求头：{'User-Agent': 'python-requests/2.30.0', 'Accept-Encoding': 'gzip, deflate', 'Accept': '*/*', 'Connection': 'keep-alive', 'cookie': 'JSESSIONID=D31DA0C937A182BEEF790F534A05CAFA;loginUserName=13816653014;token_pass=5d9b90bcb70640183e09d1e755ead823;loginUserName_wanandroid_com=13816653014;token_pass_wanandroid_com=5d9b90bcb70640183e09d1e755ead823;', 'Content-Length': '8', 'Content-Type': 'application/x-www-form-urlencoded'}
请求内容：<PreparedRequest [POST]>
响应内容：{"data":null,"errorCode":0,"errorMsg":""}
接口响应时长：170 ms
Http状态码：200
===================================================
INFO    2023-06-18 12:08:03,461/Users/yangmc/PycharmProjects/apidemo1/logs/info-2023-06-18.log:34 
===================================================
用例标题：新增收藏网址接口
请求路径：https://www.wanandroid.com/lg/collect/addtool/json
请求方法：POST
请求头：{'User-Agent': 'python-requests/2.30.0', 'Accept-Encoding': 'gzip, deflate', 'Accept': '*/*', 'Connection': 'keep-alive', 'cookie': 'JSESSIONID=8A8DC2808CD3BFBA8F82CD953DE1E32E;loginUserName=13816653014;token_pass=5d9b90bcb70640183e09d1e755ead823;loginUserName_wanandroid_com=13816653014;token_pass_wanandroid_com=5d9b90bcb70640183e09d1e755ead823;', 'Content-Length': '42', 'Content-Type': 'application/x-www-form-urlencoded'}
请求内容：name=biying&link=https%3A%2F%2Fcn.bing.com
响应内容：{"data":{"desc":"","icon":"","id":73310,"link":"https://cn.bing.com","name":"biying","order":0,"userId":149908,"visible":1},"errorCode":0,"errorMsg":""}
接口响应时长：161 ms
Http状态码：200
===================================================
INFO    2023-06-18 12:08:03,646/Users/yangmc/PycharmProjects/apidemo1/logs/info-2023-06-18.log:34 
===================================================
用例标题：正常删除收藏网站
请求路径：https://www.wanandroid.com/lg/collect/deletetool/json
请求方法：POST
请求头：{'User-Agent': 'python-requests/2.30.0', 'Accept-Encoding': 'gzip, deflate', 'Accept': '*/*', 'Connection': 'keep-alive', 'cookie': 'JSESSIONID=8A8DC2808CD3BFBA8F82CD953DE1E32E;loginUserName=13816653014;token_pass=5d9b90bcb70640183e09d1e755ead823;loginUserName_wanandroid_com=13816653014;token_pass_wanandroid_com=5d9b90bcb70640183e09d1e755ead823;', 'Content-Length': '8', 'Content-Type': 'application/x-www-form-urlencoded'}
请求内容：id=73310
响应内容：{"data":null,"errorCode":0,"errorMsg":""}
接口响应时长：175 ms
Http状态码：200
===================================================
INFO    2023-06-18 14:43:20,470/Users/yangmc/PycharmProjects/apidemo1/logs/info-2023-06-18.log:34 
===================================================
用例标题：新增收藏网址接口
请求路径：https://www.wanandroid.com/lg/collect/addtool/json
请求方法：POST
请求头：{'User-Agent': 'python-requests/2.30.0', 'Accept-Encoding': 'gzip, deflate', 'Accept': '*/*', 'Connection': 'keep-alive', 'cookie': 'JSESSIONID=8D0A6AA2313DB2F6A518FC86E16398D2;loginUserName=13816653014;token_pass=5d9b90bcb70640183e09d1e755ead823;loginUserName_wanandroid_com=13816653014;token_pass_wanandroid_com=5d9b90bcb70640183e09d1e755ead823;', 'Content-Length': '42', 'Content-Type': 'application/x-www-form-urlencoded'}
请求内容：name=biying&link=https%3A%2F%2Fcn.bing.com
响应内容：{"data":{"desc":"","icon":"","id":73311,"link":"https://cn.bing.com","name":"biying","order":0,"userId":149908,"visible":1},"errorCode":0,"errorMsg":""}
接口响应时长：162 ms
Http状态码：200
===================================================
INFO    2023-06-18 14:43:20,633/Users/yangmc/PycharmProjects/apidemo1/logs/info-2023-06-18.log:34 
===================================================
用例标题：正常删除收藏网站
请求路径：https://www.wanandroid.com/lg/collect/deletetool/json
请求方法：POST
请求头：{'User-Agent': 'python-requests/2.30.0', 'Accept-Encoding': 'gzip, deflate', 'Accept': '*/*', 'Connection': 'keep-alive', 'cookie': 'JSESSIONID=8D0A6AA2313DB2F6A518FC86E16398D2;loginUserName=13816653014;token_pass=5d9b90bcb70640183e09d1e755ead823;loginUserName_wanandroid_com=13816653014;token_pass_wanandroid_com=5d9b90bcb70640183e09d1e755ead823;', 'Content-Length': '8', 'Content-Type': 'application/x-www-form-urlencoded'}
请求内容：id=73311
响应内容：{"data":null,"errorCode":0,"errorMsg":""}
接口响应时长：157 ms
Http状态码：200
===================================================
INFO    2023-06-18 14:52:20,157/Users/yangmc/PycharmProjects/apidemo1/logs/info-2023-06-18.log:34 
===================================================
用例标题：新增收藏网址接口
请求路径：https://www.wanandroid.com/lg/collect/addtool/json
请求方法：POST
请求头：{'User-Agent': 'python-requests/2.30.0', 'Accept-Encoding': 'gzip, deflate', 'Accept': '*/*', 'Connection': 'keep-alive', 'cookie': 'JSESSIONID=646B61448F19C083A330182AED488DB2;loginUserName=13816653014;token_pass=5d9b90bcb70640183e09d1e755ead823;loginUserName_wanandroid_com=13816653014;token_pass_wanandroid_com=5d9b90bcb70640183e09d1e755ead823;', 'Content-Length': '42', 'Content-Type': 'application/x-www-form-urlencoded'}
请求内容：name=biying&link=https%3A%2F%2Fcn.bing.com
响应内容：{"data":{"desc":"","icon":"","id":73312,"link":"https://cn.bing.com","name":"biying","order":0,"userId":149908,"visible":1},"errorCode":0,"errorMsg":""}
接口响应时长：176 ms
Http状态码：200
===================================================
INFO    2023-06-18 14:52:20,353/Users/yangmc/PycharmProjects/apidemo1/logs/info-2023-06-18.log:34 
===================================================
用例标题：正常删除收藏网站
请求路径：https://www.wanandroid.com/lg/collect/deletetool/json
请求方法：POST
请求头：{'User-Agent': 'python-requests/2.30.0', 'Accept-Encoding': 'gzip, deflate', 'Accept': '*/*', 'Connection': 'keep-alive', 'cookie': 'JSESSIONID=646B61448F19C083A330182AED488DB2;loginUserName=13816653014;token_pass=5d9b90bcb70640183e09d1e755ead823;loginUserName_wanandroid_com=13816653014;token_pass_wanandroid_com=5d9b90bcb70640183e09d1e755ead823;', 'Content-Length': '8', 'Content-Type': 'application/x-www-form-urlencoded'}
请求内容：id=73312
响应内容：{"data":null,"errorCode":0,"errorMsg":""}
接口响应时长：184 ms
Http状态码：200
===================================================
